The system is: Linux - 4.2.0-27-generic - x86_64
Compiling the C compiler identification source file "CMakeCCompilerId.c" succeeded.
Compiler: /usr/bin/cc 
Build flags: 
Id flags: 

The output was:
0


Compilation of the C compiler identification source "CMakeCCompilerId.c" produced "a.out"

The C compiler identification is GNU, found in "/home/huutinh/Desktop/CS184/asst1_rasterizester/CMakeFiles/3.2.2/CompilerIdC/a.out"

Compiling the CXX compiler identification source file "CMakeCXXCompilerId.cpp" succeeded.
Compiler: /usr/bin/c++ 
Build flags: 
Id flags: 

The output was:
0


Compilation of the CXX compiler identification source "CMakeCXXCompilerId.cpp" produced "a.out"

The CXX compiler identification is GNU, found in "/home/huutinh/Desktop/CS184/asst1_rasterizester/CMakeFiles/3.2.2/CompilerIdCXX/a.out"

Determining if the C compiler works passed with the following output:
Change Dir: /home/huutinh/Desktop/CS184/asst1_rasterizester/CMakeFiles/CMakeTmp

Run Build Command:"/usr/bin/make" "cmTryCompileExec3468671558/fast"
/usr/bin/make -f CMakeFiles/cmTryCompileExec3468671558.dir/build.make CMakeFiles/cmTryCompileExec3468671558.dir/build
make[1]: Entering directory '/home/huutinh/Desktop/CS184/asst1_rasterizester/CMakeFiles/CMakeTmp'
/usr/bin/cmake -E cmake_progress_report /home/huutinh/Desktop/CS184/asst1_rasterizester/CMakeFiles/CMakeTmp/CMakeFiles 1
Building C object CMakeFiles/cmTryCompileExec3468671558.dir/testCCompiler.c.o
/usr/bin/cc    -o CMakeFiles/cmTryCompileExec3468671558.dir/testCCompiler.c.o   -c /home/huutinh/Desktop/CS184/asst1_rasterizester/CMakeFiles/CMakeTmp/testCCompiler.c
Linking C executable cmTryCompileExec3468671558
/usr/bin/cmake -E cmake_link_script CMakeFiles/cmTryCompileExec3468671558.dir/link.txt --verbose=1
/usr/bin/cc       CMakeFiles/cmTryCompileExec3468671558.dir/testCCompiler.c.o  -o cmTryCompileExec3468671558 -rdynamic 
make[1]: Leaving directory '/home/huutinh/Desktop/CS184/asst1_rasterizester/CMakeFiles/CMakeTmp'


Detecting C compiler ABI info compiled with the following output:
Change Dir: /home/huutinh/Desktop/CS184/asst1_rasterizester/CMakeFiles/CMakeTmp

Run Build Command:"/usr/bin/make" "cmTryCompileExec3319154976/fast"
/usr/bin/make -f CMakeFiles/cmTryCompileExec3319154976.dir/build.make CMakeFiles/cmTryCompileExec3319154976.dir/build
make[1]: Entering directory '/home/huutinh/Desktop/CS184/asst1_rasterizester/CMakeFiles/CMakeTmp'
/usr/bin/cmake -E cmake_progress_report /home/huutinh/Desktop/CS184/asst1_rasterizester/CMakeFiles/CMakeTmp/CMakeFiles 1
Building C object CMakeFiles/cmTryCompileExec3319154976.dir/CMakeCCompilerABI.c.o
/usr/bin/cc    -o CMakeFiles/cmTryCompileExec3319154976.dir/CMakeCCompilerABI.c.o   -c /usr/share/cmake-3.2/Modules/CMakeCCompilerABI.c
Linking C executable cmTryCompileExec3319154976
/usr/bin/cmake -E cmake_link_script CMakeFiles/cmTryCompileExec3319154976.dir/link.txt --verbose=1
/usr/bin/cc      -v CMakeFiles/cmTryCompileExec3319154976.dir/CMakeCCompilerABI.c.o  -o cmTryCompileExec3319154976 -rdynamic  
Using built-in specs.
COLLECT_GCC=/usr/bin/cc
COLLECT_LTO_WRAPPER=/usr/lib/gcc/x86_64-linux-gnu/5/lto-wrapper
Target: x86_64-linux-gnu
Configured with: ../src/configure -v --with-pkgversion='Ubuntu 5.2.1-22ubuntu2' --with-bugurl=file:///usr/share/doc/gcc-5/README.Bugs --enable-languages=c,ada,c++,java,go,d,fortran,objc,obj-c++ --prefix=/usr --program-suffix=-5 --enable-shared --enable-linker-build-id --libexecdir=/usr/lib --without-included-gettext --enable-threads=posix --libdir=/usr/lib --enable-nls --with-sysroot=/ --enable-clocale=gnu --enable-libstdcxx-debug --enable-libstdcxx-time=yes --with-default-libstdcxx-abi=new --enable-gnu-unique-object --disable-vtable-verify --enable-libmpx --enable-plugin --with-system-zlib --disable-browser-plugin --enable-java-awt=gtk --enable-gtk-cairo --with-java-home=/usr/lib/jvm/java-1.5.0-gcj-5-amd64/jre --enable-java-home --with-jvm-root-dir=/usr/lib/jvm/java-1.5.0-gcj-5-amd64 --with-jvm-jar-dir=/usr/lib/jvm-exports/java-1.5.0-gcj-5-amd64 --with-arch-directory=amd64 --with-ecj-jar=/usr/share/java/eclipse-ecj.jar --enable-objc-gc --enable-multiarch --disable-werror --with-arch-32=i686 --with-abi=m64 --with-multilib-list=m32,m64,mx32 --enable-multilib --with-tune=generic --enable-checking=release --build=x86_64-linux-gnu --host=x86_64-linux-gnu --target=x86_64-linux-gnu
Thread model: posix
gcc version 5.2.1 20151010 (Ubuntu 5.2.1-22ubuntu2) 
COMPILER_PATH=/usr/lib/gcc/x86_64-linux-gnu/5/:/usr/lib/gcc/x86_64-linux-gnu/5/:/usr/lib/gcc/x86_64-linux-gnu/:/usr/lib/gcc/x86_64-linux-gnu/5/:/usr/lib/gcc/x86_64-linux-gnu/
LIBRARY_PATH=/usr/lib/gcc/x86_64-linux-gnu/5/:/usr/lib/gcc/x86_64-linux-gnu/5/../../../x86_64-linux-gnu/:/usr/lib/gcc/x86_64-linux-gnu/5/../../../../lib/:/lib/x86_64-linux-gnu/:/lib/../lib/:/usr/lib/x86_64-linux-gnu/:/usr/lib/../lib/:/usr/lib/gcc/x86_64-linux-gnu/5/../../../:/lib/:/usr/lib/
COLLECT_GCC_OPTIONS='-v' '-o' 'cmTryCompileExec3319154976' '-rdynamic' '-mtune=generic' '-march=x86-64'
 /usr/lib/gcc/x86_64-linux-gnu/5/collect2 -plugin /usr/lib/gcc/x86_64-linux-gnu/5/liblto_plugin.so -plugin-opt=/usr/lib/gcc/x86_64-linux-gnu/5/lto-wrapper -plugin-opt=-fresolution=/tmp/ccg3yjiq.res -plugin-opt=-pass-through=-lgcc -plugin-opt=-pass-through=-lgcc_s -plugin-opt=-pass-through=-lc -plugin-opt=-pass-through=-lgcc -plugin-opt=-pass-through=-lgcc_s --sysroot=/ --build-id --eh-frame-hdr -m elf_x86_64 --hash-style=gnu --as-needed -export-dynamic -dynamic-linker /lib64/ld-linux-x86-64.so.2 -z relro -o cmTryCompileExec3319154976 /usr/lib/gcc/x86_64-linux-gnu/5/../../../x86_64-linux-gnu/crt1.o /usr/lib/gcc/x86_64-linux-gnu/5/../../../x86_64-linux-gnu/crti.o /usr/lib/gcc/x86_64-linux-gnu/5/crtbegin.o -L/usr/lib/gcc/x86_64-linux-gnu/5 -L/usr/lib/gcc/x86_64-linux-gnu/5/../../../x86_64-linux-gnu -L/usr/lib/gcc/x86_64-linux-gnu/5/../../../../lib -L/lib/x86_64-linux-gnu -L/lib/../lib -L/usr/lib/x86_64-linux-gnu -L/usr/lib/../lib -L/usr/lib/gcc/x86_64-linux-gnu/5/../../.. CMakeFiles/cmTryCompileExec3319154976.dir/CMakeCCompilerABI.c.o -lgcc --as-needed -lgcc_s --no-as-needed -lc -lgcc --as-needed -lgcc_s --no-as-needed /usr/lib/gcc/x86_64-linux-gnu/5/crtend.o /usr/lib/gcc/x86_64-linux-gnu/5/../../../x86_64-linux-gnu/crtn.o
make[1]: Leaving directory '/home/huutinh/Desktop/CS184/asst1_rasterizester/CMakeFiles/CMakeTmp'


Parsed C implicit link information from above output:
  link line regex: [^( *|.*[/\])(ld|([^/\]+-)?ld|collect2)[^/\]*( |$)]
  ignore line: [Change Dir: /home/huutinh/Desktop/CS184/asst1_rasterizester/CMakeFiles/CMakeTmp]
  ignore line: []
  ignore line: [Run Build Command:"/usr/bin/make" "cmTryCompileExec3319154976/fast"]
  ignore line: [/usr/bin/make -f CMakeFiles/cmTryCompileExec3319154976.dir/build.make CMakeFiles/cmTryCompileExec3319154976.dir/build]
  ignore line: [make[1]: Entering directory '/home/huutinh/Desktop/CS184/asst1_rasterizester/CMakeFiles/CMakeTmp']
  ignore line: [/usr/bin/cmake -E cmake_progress_report /home/huutinh/Desktop/CS184/asst1_rasterizester/CMakeFiles/CMakeTmp/CMakeFiles 1]
  ignore line: [Building C object CMakeFiles/cmTryCompileExec3319154976.dir/CMakeCCompilerABI.c.o]
  ignore line: [/usr/bin/cc    -o CMakeFiles/cmTryCompileExec3319154976.dir/CMakeCCompilerABI.c.o   -c /usr/share/cmake-3.2/Modules/CMakeCCompilerABI.c]
  ignore line: [Linking C executable cmTryCompileExec3319154976]
  ignore line: [/usr/bin/cmake -E cmake_link_script CMakeFiles/cmTryCompileExec3319154976.dir/link.txt --verbose=1]
  ignore line: [/usr/bin/cc      -v CMakeFiles/cmTryCompileExec3319154976.dir/CMakeCCompilerABI.c.o  -o cmTryCompileExec3319154976 -rdynamic  ]
  ignore line: [Using built-in specs.]
  ignore line: [COLLECT_GCC=/usr/bin/cc]
  ignore line: [COLLECT_LTO_WRAPPER=/usr/lib/gcc/x86_64-linux-gnu/5/lto-wrapper]
  ignore line: [Target: x86_64-linux-gnu]
  ignore line: [Configured with: ../src/configure -v --with-pkgversion='Ubuntu 5.2.1-22ubuntu2' --with-bugurl=file:///usr/share/doc/gcc-5/README.Bugs --enable-languages=c,ada,c++,java,go,d,fortran,objc,obj-c++ --prefix=/usr --program-suffix=-5 --enable-shared --enable-linker-build-id --libexecdir=/usr/lib --without-included-gettext --enable-threads=posix --libdir=/usr/lib --enable-nls --with-sysroot=/ --enable-clocale=gnu --enable-libstdcxx-debug --enable-libstdcxx-time=yes --with-default-libstdcxx-abi=new --enable-gnu-unique-object --disable-vtable-verify --enable-libmpx --enable-plugin --with-system-zlib --disable-browser-plugin --enable-java-awt=gtk --enable-gtk-cairo --with-java-home=/usr/lib/jvm/java-1.5.0-gcj-5-amd64/jre --enable-java-home --with-jvm-root-dir=/usr/lib/jvm/java-1.5.0-gcj-5-amd64 --with-jvm-jar-dir=/usr/lib/jvm-exports/java-1.5.0-gcj-5-amd64 --with-arch-directory=amd64 --with-ecj-jar=/usr/share/java/eclipse-ecj.jar --enable-objc-gc --enable-multiarch --disable-werror --with-arch-32=i686 --with-abi=m64 --with-multilib-list=m32,m64,mx32 --enable-multilib --with-tune=generic --enable-checking=release --build=x86_64-linux-gnu --host=x86_64-linux-gnu --target=x86_64-linux-gnu]
  ignore line: [Thread model: posix]
  ignore line: [gcc version 5.2.1 20151010 (Ubuntu 5.2.1-22ubuntu2) ]
  ignore line: [COMPILER_PATH=/usr/lib/gcc/x86_64-linux-gnu/5/:/usr/lib/gcc/x86_64-linux-gnu/5/:/usr/lib/gcc/x86_64-linux-gnu/:/usr/lib/gcc/x86_64-linux-gnu/5/:/usr/lib/gcc/x86_64-linux-gnu/]
  ignore line: [LIBRARY_PATH=/usr/lib/gcc/x86_64-linux-gnu/5/:/usr/lib/gcc/x86_64-linux-gnu/5/../../../x86_64-linux-gnu/:/usr/lib/gcc/x86_64-linux-gnu/5/../../../../lib/:/lib/x86_64-linux-gnu/:/lib/../lib/:/usr/lib/x86_64-linux-gnu/:/usr/lib/../lib/:/usr/lib/gcc/x86_64-linux-gnu/5/../../../:/lib/:/usr/lib/]
  ignore line: [COLLECT_GCC_OPTIONS='-v' '-o' 'cmTryCompileExec3319154976' '-rdynamic' '-mtune=generic' '-march=x86-64']
  link line: [ /usr/lib/gcc/x86_64-linux-gnu/5/collect2 -plugin /usr/lib/gcc/x86_64-linux-gnu/5/liblto_plugin.so -plugin-opt=/usr/lib/gcc/x86_64-linux-gnu/5/lto-wrapper -plugin-opt=-fresolution=/tmp/ccg3yjiq.res -plugin-opt=-pass-through=-lgcc -plugin-opt=-pass-through=-lgcc_s -plugin-opt=-pass-through=-lc -plugin-opt=-pass-through=-lgcc -plugin-opt=-pass-through=-lgcc_s --sysroot=/ --build-id --eh-frame-hdr -m elf_x86_64 --hash-style=gnu --as-needed -export-dynamic -dynamic-linker /lib64/ld-linux-x86-64.so.2 -z relro -o cmTryCompileExec3319154976 /usr/lib/gcc/x86_64-linux-gnu/5/../../../x86_64-linux-gnu/crt1.o /usr/lib/gcc/x86_64-linux-gnu/5/../../../x86_64-linux-gnu/crti.o /usr/lib/gcc/x86_64-linux-gnu/5/crtbegin.o -L/usr/lib/gcc/x86_64-linux-gnu/5 -L/usr/lib/gcc/x86_64-linux-gnu/5/../../../x86_64-linux-gnu -L/usr/lib/gcc/x86_64-linux-gnu/5/../../../../lib -L/lib/x86_64-linux-gnu -L/lib/../lib -L/usr/lib/x86_64-linux-gnu -L/usr/lib/../lib -L/usr/lib/gcc/x86_64-linux-gnu/5/../../.. CMakeFiles/cmTryCompileExec3319154976.dir/CMakeCCompilerABI.c.o -lgcc --as-needed -lgcc_s --no-as-needed -lc -lgcc --as-needed -lgcc_s --no-as-needed /usr/lib/gcc/x86_64-linux-gnu/5/crtend.o /usr/lib/gcc/x86_64-linux-gnu/5/../../../x86_64-linux-gnu/crtn.o]
    arg [/usr/lib/gcc/x86_64-linux-gnu/5/collect2] ==> ignore
    arg [-plugin] ==> ignore
    arg [/usr/lib/gcc/x86_64-linux-gnu/5/liblto_plugin.so] ==> ignore
    arg [-plugin-opt=/usr/lib/gcc/x86_64-linux-gnu/5/lto-wrapper] ==> ignore
    arg [-plugin-opt=-fresolution=/tmp/ccg3yjiq.res] ==> ignore
    arg [-plugin-opt=-pass-through=-lgcc] ==> ignore
    arg [-plugin-opt=-pass-through=-lgcc_s] ==> ignore
    arg [-plugin-opt=-pass-through=-lc] ==> ignore
    arg [-plugin-opt=-pass-through=-lgcc] ==> ignore
    arg [-plugin-opt=-pass-through=-lgcc_s] ==> ignore
    arg [--sysroot=/] ==> ignore
    arg [--build-id] ==> ignore
    arg [--eh-frame-hdr] ==> ignore
    arg [-m] ==> ignore
    arg [elf_x86_64] ==> ignore
    arg [--hash-style=gnu] ==> ignore
    arg [--as-needed] ==> ignore
    arg [-export-dynamic] ==> ignore
    arg [-dynamic-linker] ==> ignore
    arg [/lib64/ld-linux-x86-64.so.2] ==> ignore
    arg [-zrelro] ==> ignore
    arg [-o] ==> ignore
    arg [cmTryCompileExec3319154976] ==> ignore
    arg [/usr/lib/gcc/x86_64-linux-gnu/5/../../../x86_64-linux-gnu/crt1.o] ==> ignore
    arg [/usr/lib/gcc/x86_64-linux-gnu/5/../../../x86_64-linux-gnu/crti.o] ==> ignore
    arg [/usr/lib/gcc/x86_64-linux-gnu/5/crtbegin.o] ==> ignore
    arg [-L/usr/lib/gcc/x86_64-linux-gnu/5] ==> dir [/usr/lib/gcc/x86_64-linux-gnu/5]
    arg [-L/usr/lib/gcc/x86_64-linux-gnu/5/../../../x86_64-linux-gnu] ==> dir [/usr/lib/gcc/x86_64-linux-gnu/5/../../../x86_64-linux-gnu]
    arg [-L/usr/lib/gcc/x86_64-linux-gnu/5/../../../../lib] ==> dir [/usr/lib/gcc/x86_64-linux-gnu/5/../../../../lib]
    arg [-L/lib/x86_64-linux-gnu] ==> dir [/lib/x86_64-linux-gnu]
    arg [-L/lib/../lib] ==> dir [/lib/../lib]
    arg [-L/usr/lib/x86_64-linux-gnu] ==> dir [/usr/lib/x86_64-linux-gnu]
    arg [-L/usr/lib/../lib] ==> dir [/usr/lib/../lib]
    arg [-L/usr/lib/gcc/x86_64-linux-gnu/5/../../..] ==> dir [/usr/lib/gcc/x86_64-linux-gnu/5/../../..]
    arg [CMakeFiles/cmTryCompileExec3319154976.dir/CMakeCCompilerABI.c.o] ==> ignore
    arg [-lgcc] ==> lib [gcc]
    arg [--as-needed] ==> ignore
    arg [-lgcc_s] ==> lib [gcc_s]
    arg [--no-as-needed] ==> ignore
    arg [-lc] ==> lib [c]
    arg [-lgcc] ==> lib [gcc]
    arg [--as-needed] ==> ignore
    arg [-lgcc_s] ==> lib [gcc_s]
    arg [--no-as-needed] ==> ignore
    arg [/usr/lib/gcc/x86_64-linux-gnu/5/crtend.o] ==> ignore
    arg [/usr/lib/gcc/x86_64-linux-gnu/5/../../../x86_64-linux-gnu/crtn.o] ==> ignore
  remove lib [gcc]
  remove lib [gcc_s]
  remove lib [gcc]
  remove lib [gcc_s]
  collapse library dir [/usr/lib/gcc/x86_64-linux-gnu/5] ==> [/usr/lib/gcc/x86_64-linux-gnu/5]
  collapse library dir [/usr/lib/gcc/x86_64-linux-gnu/5/../../../x86_64-linux-gnu] ==> [/usr/lib/x86_64-linux-gnu]
  collapse library dir [/usr/lib/gcc/x86_64-linux-gnu/5/../../../../lib] ==> [/usr/lib]
  collapse library dir [/lib/x86_64-linux-gnu] ==> [/lib/x86_64-linux-gnu]
  collapse library dir [/lib/../lib] ==> [/lib]
  collapse library dir [/usr/lib/x86_64-linux-gnu] ==> [/usr/lib/x86_64-linux-gnu]
  collapse library dir [/usr/lib/../lib] ==> [/usr/lib]
  collapse library dir [/usr/lib/gcc/x86_64-linux-gnu/5/../../..] ==> [/usr/lib]
  implicit libs: [c]
  implicit dirs: [/usr/lib/gcc/x86_64-linux-gnu/5;/usr/lib/x86_64-linux-gnu;/usr/lib;/lib/x86_64-linux-gnu;/lib]
  implicit fwks: []




Detecting C [-std=c11] compiler features compiled with the following output:
Change Dir: /home/huutinh/Desktop/CS184/asst1_rasterizester/CMakeFiles/CMakeTmp

Run Build Command:"/usr/bin/make" "cmTryCompileExec3327470248/fast"
/usr/bin/make -f CMakeFiles/cmTryCompileExec3327470248.dir/build.make CMakeFiles/cmTryCompileExec3327470248.dir/build
make[1]: Entering directory '/home/huutinh/Desktop/CS184/asst1_rasterizester/CMakeFiles/CMakeTmp'
/usr/bin/cmake -E cmake_progress_report /home/huutinh/Desktop/CS184/asst1_rasterizester/CMakeFiles/CMakeTmp/CMakeFiles 1
Building C object CMakeFiles/cmTryCompileExec3327470248.dir/feature_tests.c.o
/usr/bin/cc   -std=c11 -o CMakeFiles/cmTryCompileExec3327470248.dir/feature_tests.c.o   -c /home/huutinh/Desktop/CS184/asst1_rasterizester/CMakeFiles/feature_tests.c
Linking C executable cmTryCompileExec3327470248
/usr/bin/cmake -E cmake_link_script CMakeFiles/cmTryCompileExec3327470248.dir/link.txt --verbose=1
/usr/bin/cc       CMakeFiles/cmTryCompileExec3327470248.dir/feature_tests.c.o  -o cmTryCompileExec3327470248 -rdynamic 
make[1]: Leaving directory '/home/huutinh/Desktop/CS184/asst1_rasterizester/CMakeFiles/CMakeTmp'


    Feature record: C_FEATURE:1c_function_prototypes
    Feature record: C_FEATURE:1c_restrict
    Feature record: C_FEATURE:1c_static_assert
    Feature record: C_FEATURE:1c_variadic_macros


Detecting C [-std=c99] compiler features compiled with the following output:
Change Dir: /home/huutinh/Desktop/CS184/asst1_rasterizester/CMakeFiles/CMakeTmp

Run Build Command:"/usr/bin/make" "cmTryCompileExec1803299833/fast"
/usr/bin/make -f CMakeFiles/cmTryCompileExec1803299833.dir/build.make CMakeFiles/cmTryCompileExec1803299833.dir/build
make[1]: Entering directory '/home/huutinh/Desktop/CS184/asst1_rasterizester/CMakeFiles/CMakeTmp'
/usr/bin/cmake -E cmake_progress_report /home/huutinh/Desktop/CS184/asst1_rasterizester/CMakeFiles/CMakeTmp/CMakeFiles 1
Building C object CMakeFiles/cmTryCompileExec1803299833.dir/feature_tests.c.o
/usr/bin/cc   -std=c99 -o CMakeFiles/cmTryCompileExec1803299833.dir/feature_tests.c.o   -c /home/huutinh/Desktop/CS184/asst1_rasterizester/CMakeFiles/feature_tests.c
Linking C executable cmTryCompileExec1803299833
/usr/bin/cmake -E cmake_link_script CMakeFiles/cmTryCompileExec1803299833.dir/link.txt --verbose=1
/usr/bin/cc       CMakeFiles/cmTryCompileExec1803299833.dir/feature_tests.c.o  -o cmTryCompileExec1803299833 -rdynamic 
make[1]: Leaving directory '/home/huutinh/Desktop/CS184/asst1_rasterizester/CMakeFiles/CMakeTmp'


    Feature record: C_FEATURE:1c_function_prototypes
    Feature record: C_FEATURE:1c_restrict
    Feature record: C_FEATURE:0c_static_assert
    Feature record: C_FEATURE:1c_variadic_macros


Detecting C [-std=c90] compiler features compiled with the following output:
Change Dir: /home/huutinh/Desktop/CS184/asst1_rasterizester/CMakeFiles/CMakeTmp

Run Build Command:"/usr/bin/make" "cmTryCompileExec1069853498/fast"
/usr/bin/make -f CMakeFiles/cmTryCompileExec1069853498.dir/build.make CMakeFiles/cmTryCompileExec1069853498.dir/build
make[1]: Entering directory '/home/huutinh/Desktop/CS184/asst1_rasterizester/CMakeFiles/CMakeTmp'
/usr/bin/cmake -E cmake_progress_report /home/huutinh/Desktop/CS184/asst1_rasterizester/CMakeFiles/CMakeTmp/CMakeFiles 1
Building C object CMakeFiles/cmTryCompileExec1069853498.dir/feature_tests.c.o
/usr/bin/cc   -std=c90 -o CMakeFiles/cmTryCompileExec1069853498.dir/feature_tests.c.o   -c /home/huutinh/Desktop/CS184/asst1_rasterizester/CMakeFiles/feature_tests.c
Linking C executable cmTryCompileExec1069853498
/usr/bin/cmake -E cmake_link_script CMakeFiles/cmTryCompileExec1069853498.dir/link.txt --verbose=1
/usr/bin/cc       CMakeFiles/cmTryCompileExec1069853498.dir/feature_tests.c.o  -o cmTryCompileExec1069853498 -rdynamic 
make[1]: Leaving directory '/home/huutinh/Desktop/CS184/asst1_rasterizester/CMakeFiles/CMakeTmp'


    Feature record: C_FEATURE:1c_function_prototypes
    Feature record: C_FEATURE:0c_restrict
    Feature record: C_FEATURE:0c_static_assert
    Feature record: C_FEATURE:0c_variadic_macros
Determining if the CXX compiler works passed with the following output:
Change Dir: /home/huutinh/Desktop/CS184/asst1_rasterizester/CMakeFiles/CMakeTmp

Run Build Command:"/usr/bin/make" "cmTryCompileExec550232392/fast"
/usr/bin/make -f CMakeFiles/cmTryCompileExec550232392.dir/build.make CMakeFiles/cmTryCompileExec550232392.dir/build
make[1]: Entering directory '/home/huutinh/Desktop/CS184/asst1_rasterizester/CMakeFiles/CMakeTmp'
/usr/bin/cmake -E cmake_progress_report /home/huutinh/Desktop/CS184/asst1_rasterizester/CMakeFiles/CMakeTmp/CMakeFiles 1
Building CXX object CMakeFiles/cmTryCompileExec550232392.dir/testCXXCompiler.cxx.o
/usr/bin/c++     -o CMakeFiles/cmTryCompileExec550232392.dir/testCXXCompiler.cxx.o -c /home/huutinh/Desktop/CS184/asst1_rasterizester/CMakeFiles/CMakeTmp/testCXXCompiler.cxx
Linking CXX executable cmTryCompileExec550232392
/usr/bin/cmake -E cmake_link_script CMakeFiles/cmTryCompileExec550232392.dir/link.txt --verbose=1
/usr/bin/c++        CMakeFiles/cmTryCompileExec550232392.dir/testCXXCompiler.cxx.o  -o cmTryCompileExec550232392 -rdynamic 
make[1]: Leaving directory '/home/huutinh/Desktop/CS184/asst1_rasterizester/CMakeFiles/CMakeTmp'


Detecting CXX compiler ABI info compiled with the following output:
Change Dir: /home/huutinh/Desktop/CS184/asst1_rasterizester/CMakeFiles/CMakeTmp

Run Build Command:"/usr/bin/make" "cmTryCompileExec1841946499/fast"
/usr/bin/make -f CMakeFiles/cmTryCompileExec1841946499.dir/build.make CMakeFiles/cmTryCompileExec1841946499.dir/build
make[1]: Entering directory '/home/huutinh/Desktop/CS184/asst1_rasterizester/CMakeFiles/CMakeTmp'
/usr/bin/cmake -E cmake_progress_report /home/huutinh/Desktop/CS184/asst1_rasterizester/CMakeFiles/CMakeTmp/CMakeFiles 1
Building CXX object CMakeFiles/cmTryCompileExec1841946499.dir/CMakeCXXCompilerABI.cpp.o
/usr/bin/c++     -o CMakeFiles/cmTryCompileExec1841946499.dir/CMakeCXXCompilerABI.cpp.o -c /usr/share/cmake-3.2/Modules/CMakeCXXCompilerABI.cpp
Linking CXX executable cmTryCompileExec1841946499
/usr/bin/cmake -E cmake_link_script CMakeFiles/cmTryCompileExec1841946499.dir/link.txt --verbose=1
/usr/bin/c++       -v CMakeFiles/cmTryCompileExec1841946499.dir/CMakeCXXCompilerABI.cpp.o  -o cmTryCompileExec1841946499 -rdynamic  
Using built-in specs.
COLLECT_GCC=/usr/bin/c++
COLLECT_LTO_WRAPPER=/usr/lib/gcc/x86_64-linux-gnu/5/lto-wrapper
Target: x86_64-linux-gnu
Configured with: ../src/configure -v --with-pkgversion='Ubuntu 5.2.1-22ubuntu2' --with-bugurl=file:///usr/share/doc/gcc-5/README.Bugs --enable-languages=c,ada,c++,java,go,d,fortran,objc,obj-c++ --prefix=/usr --program-suffix=-5 --enable-shared --enable-linker-build-id --libexecdir=/usr/lib --without-included-gettext --enable-threads=posix --libdir=/usr/lib --enable-nls --with-sysroot=/ --enable-clocale=gnu --enable-libstdcxx-debug --enable-libstdcxx-time=yes --with-default-libstdcxx-abi=new --enable-gnu-unique-object --disable-vtable-verify --enable-libmpx --enable-plugin --with-system-zlib --disable-browser-plugin --enable-java-awt=gtk --enable-gtk-cairo --with-java-home=/usr/lib/jvm/java-1.5.0-gcj-5-amd64/jre --enable-java-home --with-jvm-root-dir=/usr/lib/jvm/java-1.5.0-gcj-5-amd64 --with-jvm-jar-dir=/usr/lib/jvm-exports/java-1.5.0-gcj-5-amd64 --with-arch-directory=amd64 --with-ecj-jar=/usr/share/java/eclipse-ecj.jar --enable-objc-gc --enable-multiarch --disable-werror --with-arch-32=i686 --with-abi=m64 --with-multilib-list=m32,m64,mx32 --enable-multilib --with-tune=generic --enable-checking=release --build=x86_64-linux-gnu --host=x86_64-linux-gnu --target=x86_64-linux-gnu
Thread model: posix
gcc version 5.2.1 20151010 (Ubuntu 5.2.1-22ubuntu2) 
COMPILER_PATH=/usr/lib/gcc/x86_64-linux-gnu/5/:/usr/lib/gcc/x86_64-linux-gnu/5/:/usr/lib/gcc/x86_64-linux-gnu/:/usr/lib/gcc/x86_64-linux-gnu/5/:/usr/lib/gcc/x86_64-linux-gnu/
LIBRARY_PATH=/usr/lib/gcc/x86_64-linux-gnu/5/:/usr/lib/gcc/x86_64-linux-gnu/5/../../../x86_64-linux-gnu/:/usr/lib/gcc/x86_64-linux-gnu/5/../../../../lib/:/lib/x86_64-linux-gnu/:/lib/../lib/:/usr/lib/x86_64-linux-gnu/:/usr/lib/../lib/:/usr/lib/gcc/x86_64-linux-gnu/5/../../../:/lib/:/usr/lib/
COLLECT_GCC_OPTIONS='-v' '-o' 'cmTryCompileExec1841946499' '-rdynamic' '-shared-libgcc' '-mtune=generic' '-march=x86-64'
 /usr/lib/gcc/x86_64-linux-gnu/5/collect2 -plugin /usr/lib/gcc/x86_64-linux-gnu/5/liblto_plugin.so -plugin-opt=/usr/lib/gcc/x86_64-linux-gnu/5/lto-wrapper -plugin-opt=-fresolution=/tmp/cc8tJSBl.res -plugin-opt=-pass-through=-lgcc_s -plugin-opt=-pass-through=-lgcc -plugin-opt=-pass-through=-lc -plugin-opt=-pass-through=-lgcc_s -plugin-opt=-pass-through=-lgcc --sysroot=/ --build-id --eh-frame-hdr -m elf_x86_64 --hash-style=gnu --as-needed -export-dynamic -dynamic-linker /lib64/ld-linux-x86-64.so.2 -z relro -o cmTryCompileExec1841946499 /usr/lib/gcc/x86_64-linux-gnu/5/../../../x86_64-linux-gnu/crt1.o /usr/lib/gcc/x86_64-linux-gnu/5/../../../x86_64-linux-gnu/crti.o /usr/lib/gcc/x86_64-linux-gnu/5/crtbegin.o -L/usr/lib/gcc/x86_64-linux-gnu/5 -L/usr/lib/gcc/x86_64-linux-gnu/5/../../../x86_64-linux-gnu -L/usr/lib/gcc/x86_64-linux-gnu/5/../../../../lib -L/lib/x86_64-linux-gnu -L/lib/../lib -L/usr/lib/x86_64-linux-gnu -L/usr/lib/../lib -L/usr/lib/gcc/x86_64-linux-gnu/5/../../.. CMakeFiles/cmTryCompileExec1841946499.dir/CMakeCXXCompilerABI.cpp.o -lstdc++ -lm -lgcc_s -lgcc -lc -lgcc_s -lgcc /usr/lib/gcc/x86_64-linux-gnu/5/crtend.o /usr/lib/gcc/x86_64-linux-gnu/5/../../../x86_64-linux-gnu/crtn.o
make[1]: Leaving directory '/home/huutinh/Desktop/CS184/asst1_rasterizester/CMakeFiles/CMakeTmp'


Parsed CXX implicit link information from above output:
  link line regex: [^( *|.*[/\])(ld|([^/\]+-)?ld|collect2)[^/\]*( |$)]
  ignore line: [Change Dir: /home/huutinh/Desktop/CS184/asst1_rasterizester/CMakeFiles/CMakeTmp]
  ignore line: []
  ignore line: [Run Build Command:"/usr/bin/make" "cmTryCompileExec1841946499/fast"]
  ignore line: [/usr/bin/make -f CMakeFiles/cmTryCompileExec1841946499.dir/build.make CMakeFiles/cmTryCompileExec1841946499.dir/build]
  ignore line: [make[1]: Entering directory '/home/huutinh/Desktop/CS184/asst1_rasterizester/CMakeFiles/CMakeTmp']
  ignore line: [/usr/bin/cmake -E cmake_progress_report /home/huutinh/Desktop/CS184/asst1_rasterizester/CMakeFiles/CMakeTmp/CMakeFiles 1]
  ignore line: [Building CXX object CMakeFiles/cmTryCompileExec1841946499.dir/CMakeCXXCompilerABI.cpp.o]
  ignore line: [/usr/bin/c++     -o CMakeFiles/cmTryCompileExec1841946499.dir/CMakeCXXCompilerABI.cpp.o -c /usr/share/cmake-3.2/Modules/CMakeCXXCompilerABI.cpp]
  ignore line: [Linking CXX executable cmTryCompileExec1841946499]
  ignore line: [/usr/bin/cmake -E cmake_link_script CMakeFiles/cmTryCompileExec1841946499.dir/link.txt --verbose=1]
  ignore line: [/usr/bin/c++       -v CMakeFiles/cmTryCompileExec1841946499.dir/CMakeCXXCompilerABI.cpp.o  -o cmTryCompileExec1841946499 -rdynamic  ]
  ignore line: [Using built-in specs.]
  ignore line: [COLLECT_GCC=/usr/bin/c++]
  ignore line: [COLLECT_LTO_WRAPPER=/usr/lib/gcc/x86_64-linux-gnu/5/lto-wrapper]
  ignore line: [Target: x86_64-linux-gnu]
  ignore line: [Configured with: ../src/configure -v --with-pkgversion='Ubuntu 5.2.1-22ubuntu2' --with-bugurl=file:///usr/share/doc/gcc-5/README.Bugs --enable-languages=c,ada,c++,java,go,d,fortran,objc,obj-c++ --prefix=/usr --program-suffix=-5 --enable-shared --enable-linker-build-id --libexecdir=/usr/lib --without-included-gettext --enable-threads=posix --libdir=/usr/lib --enable-nls --with-sysroot=/ --enable-clocale=gnu --enable-libstdcxx-debug --enable-libstdcxx-time=yes --with-default-libstdcxx-abi=new --enable-gnu-unique-object --disable-vtable-verify --enable-libmpx --enable-plugin --with-system-zlib --disable-browser-plugin --enable-java-awt=gtk --enable-gtk-cairo --with-java-home=/usr/lib/jvm/java-1.5.0-gcj-5-amd64/jre --enable-java-home --with-jvm-root-dir=/usr/lib/jvm/java-1.5.0-gcj-5-amd64 --with-jvm-jar-dir=/usr/lib/jvm-exports/java-1.5.0-gcj-5-amd64 --with-arch-directory=amd64 --with-ecj-jar=/usr/share/java/eclipse-ecj.jar --enable-objc-gc --enable-multiarch --disable-werror --with-arch-32=i686 --with-abi=m64 --with-multilib-list=m32,m64,mx32 --enable-multilib --with-tune=generic --enable-checking=release --build=x86_64-linux-gnu --host=x86_64-linux-gnu --target=x86_64-linux-gnu]
  ignore line: [Thread model: posix]
  ignore line: [gcc version 5.2.1 20151010 (Ubuntu 5.2.1-22ubuntu2) ]
  ignore line: [COMPILER_PATH=/usr/lib/gcc/x86_64-linux-gnu/5/:/usr/lib/gcc/x86_64-linux-gnu/5/:/usr/lib/gcc/x86_64-linux-gnu/:/usr/lib/gcc/x86_64-linux-gnu/5/:/usr/lib/gcc/x86_64-linux-gnu/]
  ignore line: [LIBRARY_PATH=/usr/lib/gcc/x86_64-linux-gnu/5/:/usr/lib/gcc/x86_64-linux-gnu/5/../../../x86_64-linux-gnu/:/usr/lib/gcc/x86_64-linux-gnu/5/../../../../lib/:/lib/x86_64-linux-gnu/:/lib/../lib/:/usr/lib/x86_64-linux-gnu/:/usr/lib/../lib/:/usr/lib/gcc/x86_64-linux-gnu/5/../../../:/lib/:/usr/lib/]
  ignore line: [COLLECT_GCC_OPTIONS='-v' '-o' 'cmTryCompileExec1841946499' '-rdynamic' '-shared-libgcc' '-mtune=generic' '-march=x86-64']
  link line: [ /usr/lib/gcc/x86_64-linux-gnu/5/collect2 -plugin /usr/lib/gcc/x86_64-linux-gnu/5/liblto_plugin.so -plugin-opt=/usr/lib/gcc/x86_64-linux-gnu/5/lto-wrapper -plugin-opt=-fresolution=/tmp/cc8tJSBl.res -plugin-opt=-pass-through=-lgcc_s -plugin-opt=-pass-through=-lgcc -plugin-opt=-pass-through=-lc -plugin-opt=-pass-through=-lgcc_s -plugin-opt=-pass-through=-lgcc --sysroot=/ --build-id --eh-frame-hdr -m elf_x86_64 --hash-style=gnu --as-needed -export-dynamic -dynamic-linker /lib64/ld-linux-x86-64.so.2 -z relro -o cmTryCompileExec1841946499 /usr/lib/gcc/x86_64-linux-gnu/5/../../../x86_64-linux-gnu/crt1.o /usr/lib/gcc/x86_64-linux-gnu/5/../../../x86_64-linux-gnu/crti.o /usr/lib/gcc/x86_64-linux-gnu/5/crtbegin.o -L/usr/lib/gcc/x86_64-linux-gnu/5 -L/usr/lib/gcc/x86_64-linux-gnu/5/../../../x86_64-linux-gnu -L/usr/lib/gcc/x86_64-linux-gnu/5/../../../../lib -L/lib/x86_64-linux-gnu -L/lib/../lib -L/usr/lib/x86_64-linux-gnu -L/usr/lib/../lib -L/usr/lib/gcc/x86_64-linux-gnu/5/../../.. CMakeFiles/cmTryCompileExec1841946499.dir/CMakeCXXCompilerABI.cpp.o -lstdc++ -lm -lgcc_s -lgcc -lc -lgcc_s -lgcc /usr/lib/gcc/x86_64-linux-gnu/5/crtend.o /usr/lib/gcc/x86_64-linux-gnu/5/../../../x86_64-linux-gnu/crtn.o]
    arg [/usr/lib/gcc/x86_64-linux-gnu/5/collect2] ==> ignore
    arg [-plugin] ==> ignore
    arg [/usr/lib/gcc/x86_64-linux-gnu/5/liblto_plugin.so] ==> ignore
    arg [-plugin-opt=/usr/lib/gcc/x86_64-linux-gnu/5/lto-wrapper] ==> ignore
    arg [-plugin-opt=-fresolution=/tmp/cc8tJSBl.res] ==> ignore
    arg [-plugin-opt=-pass-through=-lgcc_s] ==> ignore
    arg [-plugin-opt=-pass-through=-lgcc] ==> ignore
    arg [-plugin-opt=-pass-through=-lc] ==> ignore
    arg [-plugin-opt=-pass-through=-lgcc_s] ==> ignore
    arg [-plugin-opt=-pass-through=-lgcc] ==> ignore
    arg [--sysroot=/] ==> ignore
    arg [--build-id] ==> ignore
    arg [--eh-frame-hdr] ==> ignore
    arg [-m] ==> ignore
    arg [elf_x86_64] ==> ignore
    arg [--hash-style=gnu] ==> ignore
    arg [--as-needed] ==> ignore
    arg [-export-dynamic] ==> ignore
    arg [-dynamic-linker] ==> ignore
    arg [/lib64/ld-linux-x86-64.so.2] ==> ignore
    arg [-zrelro] ==> ignore
    arg [-o] ==> ignore
    arg [cmTryCompileExec1841946499] ==> ignore
    arg [/usr/lib/gcc/x86_64-linux-gnu/5/../../../x86_64-linux-gnu/crt1.o] ==> ignore
    arg [/usr/lib/gcc/x86_64-linux-gnu/5/../../../x86_64-linux-gnu/crti.o] ==> ignore
    arg [/usr/lib/gcc/x86_64-linux-gnu/5/crtbegin.o] ==> ignore
    arg [-L/usr/lib/gcc/x86_64-linux-gnu/5] ==> dir [/usr/lib/gcc/x86_64-linux-gnu/5]
    arg [-L/usr/lib/gcc/x86_64-linux-gnu/5/../../../x86_64-linux-gnu] ==> dir [/usr/lib/gcc/x86_64-linux-gnu/5/../../../x86_64-linux-gnu]
    arg [-L/usr/lib/gcc/x86_64-linux-gnu/5/../../../../lib] ==> dir [/usr/lib/gcc/x86_64-linux-gnu/5/../../../../lib]
    arg [-L/lib/x86_64-linux-gnu] ==> dir [/lib/x86_64-linux-gnu]
    arg [-L/lib/../lib] ==> dir [/lib/../lib]
    arg [-L/usr/lib/x86_64-linux-gnu] ==> dir [/usr/lib/x86_64-linux-gnu]
    arg [-L/usr/lib/../lib] ==> dir [/usr/lib/../lib]
    arg [-L/usr/lib/gcc/x86_64-linux-gnu/5/../../..] ==> dir [/usr/lib/gcc/x86_64-linux-gnu/5/../../..]
    arg [CMakeFiles/cmTryCompileExec1841946499.dir/CMakeCXXCompilerABI.cpp.o] ==> ignore
    arg [-lstdc++] ==> lib [stdc++]
    arg [-lm] ==> lib [m]
    arg [-lgcc_s] ==> lib [gcc_s]
    arg [-lgcc] ==> lib [gcc]
    arg [-lc] ==> lib [c]
    arg [-lgcc_s] ==> lib [gcc_s]
    arg [-lgcc] ==> lib [gcc]
    arg [/usr/lib/gcc/x86_64-linux-gnu/5/crtend.o] ==> ignore
    arg [/usr/lib/gcc/x86_64-linux-gnu/5/../../../x86_64-linux-gnu/crtn.o] ==> ignore
  remove lib [gcc_s]
  remove lib [gcc]
  remove lib [gcc_s]
  remove lib [gcc]
  collapse library dir [/usr/lib/gcc/x86_64-linux-gnu/5] ==> [/usr/lib/gcc/x86_64-linux-gnu/5]
  collapse library dir [/usr/lib/gcc/x86_64-linux-gnu/5/../../../x86_64-linux-gnu] ==> [/usr/lib/x86_64-linux-gnu]
  collapse library dir [/usr/lib/gcc/x86_64-linux-gnu/5/../../../../lib] ==> [/usr/lib]
  collapse library dir [/lib/x86_64-linux-gnu] ==> [/lib/x86_64-linux-gnu]
  collapse library dir [/lib/../lib] ==> [/lib]
  collapse library dir [/usr/lib/x86_64-linux-gnu] ==> [/usr/lib/x86_64-linux-gnu]
  collapse library dir [/usr/lib/../lib] ==> [/usr/lib]
  collapse library dir [/usr/lib/gcc/x86_64-linux-gnu/5/../../..] ==> [/usr/lib]
  implicit libs: [stdc++;m;c]
  implicit dirs: [/usr/lib/gcc/x86_64-linux-gnu/5;/usr/lib/x86_64-linux-gnu;/usr/lib;/lib/x86_64-linux-gnu;/lib]
  implicit fwks: []




Detecting CXX [-std=c++14] compiler features compiled with the following output:
Change Dir: /home/huutinh/Desktop/CS184/asst1_rasterizester/CMakeFiles/CMakeTmp

Run Build Command:"/usr/bin/make" "cmTryCompileExec371398616/fast"
/usr/bin/make -f CMakeFiles/cmTryCompileExec371398616.dir/build.make CMakeFiles/cmTryCompileExec371398616.dir/build
make[1]: Entering directory '/home/huutinh/Desktop/CS184/asst1_rasterizester/CMakeFiles/CMakeTmp'
/usr/bin/cmake -E cmake_progress_report /home/huutinh/Desktop/CS184/asst1_rasterizester/CMakeFiles/CMakeTmp/CMakeFiles 1
Building CXX object CMakeFiles/cmTryCompileExec371398616.dir/feature_tests.cxx.o
/usr/bin/c++    -std=c++14 -o CMakeFiles/cmTryCompileExec371398616.dir/feature_tests.cxx.o -c /home/huutinh/Desktop/CS184/asst1_rasterizester/CMakeFiles/feature_tests.cxx
Linking CXX executable cmTryCompileExec371398616
/usr/bin/cmake -E cmake_link_script CMakeFiles/cmTryCompileExec371398616.dir/link.txt --verbose=1
/usr/bin/c++        CMakeFiles/cmTryCompileExec371398616.dir/feature_tests.cxx.o  -o cmTryCompileExec371398616 -rdynamic 
make[1]: Leaving directory '/home/huutinh/Desktop/CS184/asst1_rasterizester/CMakeFiles/CMakeTmp'


    Feature record: CXX_FEATURE:1cxx_aggregate_default_initializers
    Feature record: CXX_FEATURE:1cxx_alias_templates
    Feature record: CXX_FEATURE:1cxx_alignas
    Feature record: CXX_FEATURE:1cxx_alignof
    Feature record: CXX_FEATURE:1cxx_attributes
    Feature record: CXX_FEATURE:1cxx_attribute_deprecated
    Feature record: CXX_FEATURE:1cxx_auto_type
    Feature record: CXX_FEATURE:1cxx_binary_literals
    Feature record: CXX_FEATURE:1cxx_constexpr
    Feature record: CXX_FEATURE:1cxx_contextual_conversions
    Feature record: CXX_FEATURE:1cxx_decltype
    Feature record: CXX_FEATURE:1cxx_decltype_auto
    Feature record: CXX_FEATURE:1cxx_decltype_incomplete_return_types
    Feature record: CXX_FEATURE:1cxx_default_function_template_args
    Feature record: CXX_FEATURE:1cxx_defaulted_functions
    Feature record: CXX_FEATURE:1cxx_defaulted_move_initializers
    Feature record: CXX_FEATURE:1cxx_delegating_constructors
    Feature record: CXX_FEATURE:1cxx_deleted_functions
    Feature record: CXX_FEATURE:1cxx_digit_separators
    Feature record: CXX_FEATURE:1cxx_enum_forward_declarations
    Feature record: CXX_FEATURE:1cxx_explicit_conversions
    Feature record: CXX_FEATURE:1cxx_extended_friend_declarations
    Feature record: CXX_FEATURE:1cxx_extern_templates
    Feature record: CXX_FEATURE:1cxx_final
    Feature record: CXX_FEATURE:1cxx_func_identifier
    Feature record: CXX_FEATURE:1cxx_generalized_initializers
    Feature record: CXX_FEATURE:1cxx_generic_lambdas
    Feature record: CXX_FEATURE:1cxx_inheriting_constructors
    Feature record: CXX_FEATURE:1cxx_inline_namespaces
    Feature record: CXX_FEATURE:1cxx_lambdas
    Feature record: CXX_FEATURE:1cxx_lambda_init_captures
    Feature record: CXX_FEATURE:1cxx_local_type_template_args
    Feature record: CXX_FEATURE:1cxx_long_long_type
    Feature record: CXX_FEATURE:1cxx_noexcept
    Feature record: CXX_FEATURE:1cxx_nonstatic_member_init
    Feature record: CXX_FEATURE:1cxx_nullptr
    Feature record: CXX_FEATURE:1cxx_override
    Feature record: CXX_FEATURE:1cxx_range_for
    Feature record: CXX_FEATURE:1cxx_raw_string_literals
    Feature record: CXX_FEATURE:1cxx_reference_qualified_functions
    Feature record: CXX_FEATURE:1cxx_relaxed_constexpr
    Feature record: CXX_FEATURE:1cxx_return_type_deduction
    Feature record: CXX_FEATURE:1cxx_right_angle_brackets
    Feature record: CXX_FEATURE:1cxx_rvalue_references
    Feature record: CXX_FEATURE:1cxx_sizeof_member
    Feature record: CXX_FEATURE:1cxx_static_assert
    Feature record: CXX_FEATURE:1cxx_strong_enums
    Feature record: CXX_FEATURE:1cxx_template_template_parameters
    Feature record: CXX_FEATURE:1cxx_thread_local
    Feature record: CXX_FEATURE:1cxx_trailing_return_types
    Feature record: CXX_FEATURE:1cxx_unicode_literals
    Feature record: CXX_FEATURE:1cxx_uniform_initialization
    Feature record: CXX_FEATURE:1cxx_unrestricted_unions
    Feature record: CXX_FEATURE:1cxx_user_literals
    Feature record: CXX_FEATURE:1cxx_variable_templates
    Feature record: CXX_FEATURE:1cxx_variadic_macros
    Feature record: CXX_FEATURE:1cxx_variadic_templates


Detecting CXX [-std=c++11] compiler features compiled with the following output:
Change Dir: /home/huutinh/Desktop/CS184/asst1_rasterizester/CMakeFiles/CMakeTmp

Run Build Command:"/usr/bin/make" "cmTryCompileExec188276145/fast"
/usr/bin/make -f CMakeFiles/cmTryCompileExec188276145.dir/build.make CMakeFiles/cmTryCompileExec188276145.dir/build
make[1]: Entering directory '/home/huutinh/Desktop/CS184/asst1_rasterizester/CMakeFiles/CMakeTmp'
/usr/bin/cmake -E cmake_progress_report /home/huutinh/Desktop/CS184/asst1_rasterizester/CMakeFiles/CMakeTmp/CMakeFiles 1
Building CXX object CMakeFiles/cmTryCompileExec188276145.dir/feature_tests.cxx.o
/usr/bin/c++    -std=c++11 -o CMakeFiles/cmTryCompileExec188276145.dir/feature_tests.cxx.o -c /home/huutinh/Desktop/CS184/asst1_rasterizester/CMakeFiles/feature_tests.cxx
Linking CXX executable cmTryCompileExec188276145
/usr/bin/cmake -E cmake_link_script CMakeFiles/cmTryCompileExec188276145.dir/link.txt --verbose=1
/usr/bin/c++        CMakeFiles/cmTryCompileExec188276145.dir/feature_tests.cxx.o  -o cmTryCompileExec188276145 -rdynamic 
make[1]: Leaving directory '/home/huutinh/Desktop/CS184/asst1_rasterizester/CMakeFiles/CMakeTmp'


    Feature record: CXX_FEATURE:0cxx_aggregate_default_initializers
    Feature record: CXX_FEATURE:1cxx_alias_templates
    Feature record: CXX_FEATURE:1cxx_alignas
    Feature record: CXX_FEATURE:1cxx_alignof
    Feature record: CXX_FEATURE:1cxx_attributes
    Feature record: CXX_FEATURE:0cxx_attribute_deprecated
    Feature record: CXX_FEATURE:1cxx_auto_type
    Feature record: CXX_FEATURE:0cxx_binary_literals
    Feature record: CXX_FEATURE:1cxx_constexpr
    Feature record: CXX_FEATURE:0cxx_contextual_conversions
    Feature record: CXX_FEATURE:1cxx_decltype
    Feature record: CXX_FEATURE:0cxx_decltype_auto
    Feature record: CXX_FEATURE:1cxx_decltype_incomplete_return_types
    Feature record: CXX_FEATURE:1cxx_default_function_template_args
    Feature record: CXX_FEATURE:1cxx_defaulted_functions
    Feature record: CXX_FEATURE:1cxx_defaulted_move_initializers
    Feature record: CXX_FEATURE:1cxx_delegating_constructors
    Feature record: CXX_FEATURE:1cxx_deleted_functions
    Feature record: CXX_FEATURE:0cxx_digit_separators
    Feature record: CXX_FEATURE:1cxx_enum_forward_declarations
    Feature record: CXX_FEATURE:1cxx_explicit_conversions
    Feature record: CXX_FEATURE:1cxx_extended_friend_declarations
    Feature record: CXX_FEATURE:1cxx_extern_templates
    Feature record: CXX_FEATURE:1cxx_final
    Feature record: CXX_FEATURE:1cxx_func_identifier
    Feature record: CXX_FEATURE:1cxx_generalized_initializers
    Feature record: CXX_FEATURE:0cxx_generic_lambdas
    Feature record: CXX_FEATURE:1cxx_inheriting_constructors
    Feature record: CXX_FEATURE:1cxx_inline_namespaces
    Feature record: CXX_FEATURE:1cxx_lambdas
    Feature record: CXX_FEATURE:0cxx_lambda_init_captures
    Feature record: CXX_FEATURE:1cxx_local_type_template_args
    Feature record: CXX_FEATURE:1cxx_long_long_type
    Feature record: CXX_FEATURE:1cxx_noexcept
    Feature record: CXX_FEATURE:1cxx_nonstatic_member_init
    Feature record: CXX_FEATURE:1cxx_nullptr
    Feature record: CXX_FEATURE:1cxx_override
    Feature record: CXX_FEATURE:1cxx_range_for
    Feature record: CXX_FEATURE:1cxx_raw_string_literals
    Feature record: CXX_FEATURE:1cxx_reference_qualified_functions
    Feature record: CXX_FEATURE:0cxx_relaxed_constexpr
    Feature record: CXX_FEATURE:0cxx_return_type_deduction
    Feature record: CXX_FEATURE:1cxx_right_angle_brackets
    Feature record: CXX_FEATURE:1cxx_rvalue_references
    Feature record: CXX_FEATURE:1cxx_sizeof_member
    Feature record: CXX_FEATURE:1cxx_static_assert
    Feature record: CXX_FEATURE:1cxx_strong_enums
    Feature record: CXX_FEATURE:1cxx_template_template_parameters
    Feature record: CXX_FEATURE:1cxx_thread_local
    Feature record: CXX_FEATURE:1cxx_trailing_return_types
    Feature record: CXX_FEATURE:1cxx_unicode_literals
    Feature record: CXX_FEATURE:1cxx_uniform_initialization
    Feature record: CXX_FEATURE:1cxx_unrestricted_unions
    Feature record: CXX_FEATURE:1cxx_user_literals
    Feature record: CXX_FEATURE:0cxx_variable_templates
    Feature record: CXX_FEATURE:1cxx_variadic_macros
    Feature record: CXX_FEATURE:1cxx_variadic_templates


Detecting CXX [-std=c++98] compiler features compiled with the following output:
Change Dir: /home/huutinh/Desktop/CS184/asst1_rasterizester/CMakeFiles/CMakeTmp

Run Build Command:"/usr/bin/make" "cmTryCompileExec716348234/fast"
/usr/bin/make -f CMakeFiles/cmTryCompileExec716348234.dir/build.make CMakeFiles/cmTryCompileExec716348234.dir/build
make[1]: Entering directory '/home/huutinh/Desktop/CS184/asst1_rasterizester/CMakeFiles/CMakeTmp'
/usr/bin/cmake -E cmake_progress_report /home/huutinh/Desktop/CS184/asst1_rasterizester/CMakeFiles/CMakeTmp/CMakeFiles 1
Building CXX object CMakeFiles/cmTryCompileExec716348234.dir/feature_tests.cxx.o
/usr/bin/c++    -std=c++98 -o CMakeFiles/cmTryCompileExec716348234.dir/feature_tests.cxx.o -c /home/huutinh/Desktop/CS184/asst1_rasterizester/CMakeFiles/feature_tests.cxx
Linking CXX executable cmTryCompileExec716348234
/usr/bin/cmake -E cmake_link_script CMakeFiles/cmTryCompileExec716348234.dir/link.txt --verbose=1
/usr/bin/c++        CMakeFiles/cmTryCompileExec716348234.dir/feature_tests.cxx.o  -o cmTryCompileExec716348234 -rdynamic 
make[1]: Leaving directory '/home/huutinh/Desktop/CS184/asst1_rasterizester/CMakeFiles/CMakeTmp'


    Feature record: CXX_FEATURE:0cxx_aggregate_default_initializers
    Feature record: CXX_FEATURE:0cxx_alias_templates
    Feature record: CXX_FEATURE:0cxx_alignas
    Feature record: CXX_FEATURE:0cxx_alignof
    Feature record: CXX_FEATURE:0cxx_attributes
    Feature record: CXX_FEATURE:0cxx_attribute_deprecated
    Feature record: CXX_FEATURE:0cxx_auto_type
    Feature record: CXX_FEATURE:0cxx_binary_literals
    Feature record: CXX_FEATURE:0cxx_constexpr
    Feature record: CXX_FEATURE:0cxx_contextual_conversions
    Feature record: CXX_FEATURE:0cxx_decltype
    Feature record: CXX_FEATURE:0cxx_decltype_auto
    Feature record: CXX_FEATURE:0cxx_decltype_incomplete_return_types
    Feature record: CXX_FEATURE:0cxx_default_function_template_args
    Feature record: CXX_FEATURE:0cxx_defaulted_functions
    Feature record: CXX_FEATURE:0cxx_defaulted_move_initializers
    Feature record: CXX_FEATURE:0cxx_delegating_constructors
    Feature record: CXX_FEATURE:0cxx_deleted_functions
    Feature record: CXX_FEATURE:0cxx_digit_separators
    Feature record: CXX_FEATURE:0cxx_enum_forward_declarations
    Feature record: CXX_FEATURE:0cxx_explicit_conversions
    Feature record: CXX_FEATURE:0cxx_extended_friend_declarations
    Feature record: CXX_FEATURE:0cxx_extern_templates
    Feature record: CXX_FEATURE:0cxx_final
    Feature record: CXX_FEATURE:0cxx_func_identifier
    Feature record: CXX_FEATURE:0cxx_generalized_initializers
    Feature record: CXX_FEATURE:0cxx_generic_lambdas
    Feature record: CXX_FEATURE:0cxx_inheriting_constructors
    Feature record: CXX_FEATURE:0cxx_inline_namespaces
    Feature record: CXX_FEATURE:0cxx_lambdas
    Feature record: CXX_FEATURE:0cxx_lambda_init_captures
    Feature record: CXX_FEATURE:0cxx_local_type_template_args
    Feature record: CXX_FEATURE:0cxx_long_long_type
    Feature record: CXX_FEATURE:0cxx_noexcept
    Feature record: CXX_FEATURE:0cxx_nonstatic_member_init
    Feature record: CXX_FEATURE:0cxx_nullptr
    Feature record: CXX_FEATURE:0cxx_override
    Feature record: CXX_FEATURE:0cxx_range_for
    Feature record: CXX_FEATURE:0cxx_raw_string_literals
    Feature record: CXX_FEATURE:0cxx_reference_qualified_functions
    Feature record: CXX_FEATURE:0cxx_relaxed_constexpr
    Feature record: CXX_FEATURE:0cxx_return_type_deduction
    Feature record: CXX_FEATURE:0cxx_right_angle_brackets
    Feature record: CXX_FEATURE:0cxx_rvalue_references
    Feature record: CXX_FEATURE:0cxx_sizeof_member
    Feature record: CXX_FEATURE:0cxx_static_assert
    Feature record: CXX_FEATURE:0cxx_strong_enums
    Feature record: CXX_FEATURE:1cxx_template_template_parameters
    Feature record: CXX_FEATURE:0cxx_thread_local
    Feature record: CXX_FEATURE:0cxx_trailing_return_types
    Feature record: CXX_FEATURE:0cxx_unicode_literals
    Feature record: CXX_FEATURE:0cxx_uniform_initialization
    Feature record: CXX_FEATURE:0cxx_unrestricted_unions
    Feature record: CXX_FEATURE:0cxx_user_literals
    Feature record: CXX_FEATURE:0cxx_variable_templates
    Feature record: CXX_FEATURE:0cxx_variadic_macros
    Feature record: CXX_FEATURE:0cxx_variadic_templates
Determining if files pthread.h exist passed with the following output:
Change Dir: /home/huutinh/Desktop/CS184/asst1_rasterizester/CMakeFiles/CMakeTmp

Run Build Command:"/usr/bin/make" "cmTryCompileExec1976076686/fast"
/usr/bin/make -f CMakeFiles/cmTryCompileExec1976076686.dir/build.make CMakeFiles/cmTryCompileExec1976076686.dir/build
make[1]: Entering directory '/home/huutinh/Desktop/CS184/asst1_rasterizester/CMakeFiles/CMakeTmp'
/usr/bin/cmake -E cmake_progress_report /home/huutinh/Desktop/CS184/asst1_rasterizester/CMakeFiles/CMakeTmp/CMakeFiles 1
Building C object CMakeFiles/cmTryCompileExec1976076686.dir/CheckIncludeFiles.c.o
/usr/bin/cc    -o CMakeFiles/cmTryCompileExec1976076686.dir/CheckIncludeFiles.c.o   -c /home/huutinh/Desktop/CS184/asst1_rasterizester/CMakeFiles/CMakeTmp/CheckIncludeFiles.c
Linking C executable cmTryCompileExec1976076686
/usr/bin/cmake -E cmake_link_script CMakeFiles/cmTryCompileExec1976076686.dir/link.txt --verbose=1
/usr/bin/cc       CMakeFiles/cmTryCompileExec1976076686.dir/CheckIncludeFiles.c.o  -o cmTryCompileExec1976076686 -rdynamic 
make[1]: Leaving directory '/home/huutinh/Desktop/CS184/asst1_rasterizester/CMakeFiles/CMakeTmp'


Determining if the function pthread_create exists in the pthread passed with the following output:
Change Dir: /home/huutinh/Desktop/CS184/asst1_rasterizester/CMakeFiles/CMakeTmp

Run Build Command:"/usr/bin/make" "cmTryCompileExec439734207/fast"
/usr/bin/make -f CMakeFiles/cmTryCompileExec439734207.dir/build.make CMakeFiles/cmTryCompileExec439734207.dir/build
make[1]: Entering directory '/home/huutinh/Desktop/CS184/asst1_rasterizester/CMakeFiles/CMakeTmp'
/usr/bin/cmake -E cmake_progress_report /home/huutinh/Desktop/CS184/asst1_rasterizester/CMakeFiles/CMakeTmp/CMakeFiles 1
Building C object CMakeFiles/cmTryCompileExec439734207.dir/CheckFunctionExists.c.o
/usr/bin/cc   -DCHECK_FUNCTION_EXISTS=pthread_create   -o CMakeFiles/cmTryCompileExec439734207.dir/CheckFunctionExists.c.o   -c /usr/share/cmake-3.2/Modules/CheckFunctionExists.c
Linking C executable cmTryCompileExec439734207
/usr/bin/cmake -E cmake_link_script CMakeFiles/cmTryCompileExec439734207.dir/link.txt --verbose=1
/usr/bin/cc   -DCHECK_FUNCTION_EXISTS=pthread_create    CMakeFiles/cmTryCompileExec439734207.dir/CheckFunctionExists.c.o  -o cmTryCompileExec439734207 -rdynamic -lpthread 
make[1]: Leaving directory '/home/huutinh/Desktop/CS184/asst1_rasterizester/CMakeFiles/CMakeTmp'


Determining if the function XOpenDisplay exists in the /usr/lib/x86_64-linux-gnu/libX11.so;/usr/lib/x86_64-linux-gnu/libXext.so passed with the following output:
Change Dir: /home/huutinh/Desktop/CS184/asst1_rasterizester/CMakeFiles/CMakeTmp

Run Build Command:"/usr/bin/make" "cmTryCompileExec1078325752/fast"
/usr/bin/make -f CMakeFiles/cmTryCompileExec1078325752.dir/build.make CMakeFiles/cmTryCompileExec1078325752.dir/build
make[1]: Entering directory '/home/huutinh/Desktop/CS184/asst1_rasterizester/CMakeFiles/CMakeTmp'
/usr/bin/cmake -E cmake_progress_report /home/huutinh/Desktop/CS184/asst1_rasterizester/CMakeFiles/CMakeTmp/CMakeFiles 1
Building C object CMakeFiles/cmTryCompileExec1078325752.dir/CheckFunctionExists.c.o
/usr/bin/cc   -DCHECK_FUNCTION_EXISTS=XOpenDisplay   -o CMakeFiles/cmTryCompileExec1078325752.dir/CheckFunctionExists.c.o   -c /usr/share/cmake-3.2/Modules/CheckFunctionExists.c
Linking C executable cmTryCompileExec1078325752
/usr/bin/cmake -E cmake_link_script CMakeFiles/cmTryCompileExec1078325752.dir/link.txt --verbose=1
/usr/bin/cc   -DCHECK_FUNCTION_EXISTS=XOpenDisplay    CMakeFiles/cmTryCompileExec1078325752.dir/CheckFunctionExists.c.o  -o cmTryCompileExec1078325752 -rdynamic -lX11 -lXext 
make[1]: Leaving directory '/home/huutinh/Desktop/CS184/asst1_rasterizester/CMakeFiles/CMakeTmp'


Determining if the function gethostbyname exists passed with the following output:
Change Dir: /home/huutinh/Desktop/CS184/asst1_rasterizester/CMakeFiles/CMakeTmp

Run Build Command:"/usr/bin/make" "cmTryCompileExec107855270/fast"
/usr/bin/make -f CMakeFiles/cmTryCompileExec107855270.dir/build.make CMakeFiles/cmTryCompileExec107855270.dir/build
make[1]: Entering directory '/home/huutinh/Desktop/CS184/asst1_rasterizester/CMakeFiles/CMakeTmp'
/usr/bin/cmake -E cmake_progress_report /home/huutinh/Desktop/CS184/asst1_rasterizester/CMakeFiles/CMakeTmp/CMakeFiles 1
Building C object CMakeFiles/cmTryCompileExec107855270.dir/CheckFunctionExists.c.o
/usr/bin/cc   -DCHECK_FUNCTION_EXISTS=gethostbyname   -o CMakeFiles/cmTryCompileExec107855270.dir/CheckFunctionExists.c.o   -c /usr/share/cmake-3.2/Modules/CheckFunctionExists.c
Linking C executable cmTryCompileExec107855270
/usr/bin/cmake -E cmake_link_script CMakeFiles/cmTryCompileExec107855270.dir/link.txt --verbose=1
/usr/bin/cc   -DCHECK_FUNCTION_EXISTS=gethostbyname    CMakeFiles/cmTryCompileExec107855270.dir/CheckFunctionExists.c.o  -o cmTryCompileExec107855270 -rdynamic 
make[1]: Leaving directory '/home/huutinh/Desktop/CS184/asst1_rasterizester/CMakeFiles/CMakeTmp'


Determining if the function connect exists passed with the following output:
Change Dir: /home/huutinh/Desktop/CS184/asst1_rasterizester/CMakeFiles/CMakeTmp

Run Build Command:"/usr/bin/make" "cmTryCompileExec3886058648/fast"
/usr/bin/make -f CMakeFiles/cmTryCompileExec3886058648.dir/build.make CMakeFiles/cmTryCompileExec3886058648.dir/build
make[1]: Entering directory '/home/huutinh/Desktop/CS184/asst1_rasterizester/CMakeFiles/CMakeTmp'
/usr/bin/cmake -E cmake_progress_report /home/huutinh/Desktop/CS184/asst1_rasterizester/CMakeFiles/CMakeTmp/CMakeFiles 1
Building C object CMakeFiles/cmTryCompileExec3886058648.dir/CheckFunctionExists.c.o
/usr/bin/cc   -DCHECK_FUNCTION_EXISTS=connect   -o CMakeFiles/cmTryCompileExec3886058648.dir/CheckFunctionExists.c.o   -c /usr/share/cmake-3.2/Modules/CheckFunctionExists.c
Linking C executable cmTryCompileExec3886058648
/usr/bin/cmake -E cmake_link_script CMakeFiles/cmTryCompileExec3886058648.dir/link.txt --verbose=1
/usr/bin/cc   -DCHECK_FUNCTION_EXISTS=connect    CMakeFiles/cmTryCompileExec3886058648.dir/CheckFunctionExists.c.o  -o cmTryCompileExec3886058648 -rdynamic 
make[1]: Leaving directory '/home/huutinh/Desktop/CS184/asst1_rasterizester/CMakeFiles/CMakeTmp'


Determining if the function remove exists passed with the following output:
Change Dir: /home/huutinh/Desktop/CS184/asst1_rasterizester/CMakeFiles/CMakeTmp

Run Build Command:"/usr/bin/make" "cmTryCompileExec1322435883/fast"
/usr/bin/make -f CMakeFiles/cmTryCompileExec1322435883.dir/build.make CMakeFiles/cmTryCompileExec1322435883.dir/build
make[1]: Entering directory '/home/huutinh/Desktop/CS184/asst1_rasterizester/CMakeFiles/CMakeTmp'
/usr/bin/cmake -E cmake_progress_report /home/huutinh/Desktop/CS184/asst1_rasterizester/CMakeFiles/CMakeTmp/CMakeFiles 1
Building C object CMakeFiles/cmTryCompileExec1322435883.dir/CheckFunctionExists.c.o
/usr/bin/cc   -DCHECK_FUNCTION_EXISTS=remove   -o CMakeFiles/cmTryCompileExec1322435883.dir/CheckFunctionExists.c.o   -c /usr/share/cmake-3.2/Modules/CheckFunctionExists.c
Linking C executable cmTryCompileExec1322435883
/usr/bin/cmake -E cmake_link_script CMakeFiles/cmTryCompileExec1322435883.dir/link.txt --verbose=1
/usr/bin/cc   -DCHECK_FUNCTION_EXISTS=remove    CMakeFiles/cmTryCompileExec1322435883.dir/CheckFunctionExists.c.o  -o cmTryCompileExec1322435883 -rdynamic 
make[1]: Leaving directory '/home/huutinh/Desktop/CS184/asst1_rasterizester/CMakeFiles/CMakeTmp'


Determining if the function shmat exists passed with the following output:
Change Dir: /home/huutinh/Desktop/CS184/asst1_rasterizester/CMakeFiles/CMakeTmp

Run Build Command:"/usr/bin/make" "cmTryCompileExec3262876473/fast"
/usr/bin/make -f CMakeFiles/cmTryCompileExec3262876473.dir/build.make CMakeFiles/cmTryCompileExec3262876473.dir/build
make[1]: Entering directory '/home/huutinh/Desktop/CS184/asst1_rasterizester/CMakeFiles/CMakeTmp'
/usr/bin/cmake -E cmake_progress_report /home/huutinh/Desktop/CS184/asst1_rasterizester/CMakeFiles/CMakeTmp/CMakeFiles 1
Building C object CMakeFiles/cmTryCompileExec3262876473.dir/CheckFunctionExists.c.o
/usr/bin/cc   -DCHECK_FUNCTION_EXISTS=shmat   -o CMakeFiles/cmTryCompileExec3262876473.dir/CheckFunctionExists.c.o   -c /usr/share/cmake-3.2/Modules/CheckFunctionExists.c
Linking C executable cmTryCompileExec3262876473
/usr/bin/cmake -E cmake_link_script CMakeFiles/cmTryCompileExec3262876473.dir/link.txt --verbose=1
/usr/bin/cc   -DCHECK_FUNCTION_EXISTS=shmat    CMakeFiles/cmTryCompileExec3262876473.dir/CheckFunctionExists.c.o  -o cmTryCompileExec3262876473 -rdynamic 
make[1]: Leaving directory '/home/huutinh/Desktop/CS184/asst1_rasterizester/CMakeFiles/CMakeTmp'


Determining if the function IceConnectionNumber exists in the ICE passed with the following output:
Change Dir: /home/huutinh/Desktop/CS184/asst1_rasterizester/CMakeFiles/CMakeTmp

Run Build Command:"/usr/bin/make" "cmTryCompileExec4206650659/fast"
/usr/bin/make -f CMakeFiles/cmTryCompileExec4206650659.dir/build.make CMakeFiles/cmTryCompileExec4206650659.dir/build
make[1]: Entering directory '/home/huutinh/Desktop/CS184/asst1_rasterizester/CMakeFiles/CMakeTmp'
/usr/bin/cmake -E cmake_progress_report /home/huutinh/Desktop/CS184/asst1_rasterizester/CMakeFiles/CMakeTmp/CMakeFiles 1
Building C object CMakeFiles/cmTryCompileExec4206650659.dir/CheckFunctionExists.c.o
/usr/bin/cc   -DCHECK_FUNCTION_EXISTS=IceConnectionNumber   -o CMakeFiles/cmTryCompileExec4206650659.dir/CheckFunctionExists.c.o   -c /usr/share/cmake-3.2/Modules/CheckFunctionExists.c
Linking C executable cmTryCompileExec4206650659
/usr/bin/cmake -E cmake_link_script CMakeFiles/cmTryCompileExec4206650659.dir/link.txt --verbose=1
/usr/bin/cc   -DCHECK_FUNCTION_EXISTS=IceConnectionNumber    CMakeFiles/cmTryCompileExec4206650659.dir/CheckFunctionExists.c.o  -o cmTryCompileExec4206650659 -rdynamic -lICE 
make[1]: Leaving directory '/home/huutinh/Desktop/CS184/asst1_rasterizester/CMakeFiles/CMakeTmp'


Determining if the function glXGetProcAddress exists passed with the following output:
Change Dir: /home/huutinh/Desktop/CS184/asst1_rasterizester/CMakeFiles/CMakeTmp

Run Build Command:"/usr/bin/make" "cmTryCompileExec3348581562/fast"
/usr/bin/make -f CMakeFiles/cmTryCompileExec3348581562.dir/build.make CMakeFiles/cmTryCompileExec3348581562.dir/build
make[1]: Entering directory '/home/huutinh/Desktop/CS184/asst1_rasterizester/CMakeFiles/CMakeTmp'
/usr/bin/cmake -E cmake_progress_report /home/huutinh/Desktop/CS184/asst1_rasterizester/CMakeFiles/CMakeTmp/CMakeFiles 1
Building C object CMakeFiles/cmTryCompileExec3348581562.dir/CheckFunctionExists.c.o
/usr/bin/cc   -DCHECK_FUNCTION_EXISTS=glXGetProcAddress   -o CMakeFiles/cmTryCompileExec3348581562.dir/CheckFunctionExists.c.o   -c /usr/share/cmake-3.2/Modules/CheckFunctionExists.c
Linking C executable cmTryCompileExec3348581562
/usr/bin/cmake -E cmake_link_script CMakeFiles/cmTryCompileExec3348581562.dir/link.txt --verbose=1
/usr/bin/cc   -DCHECK_FUNCTION_EXISTS=glXGetProcAddress    CMakeFiles/cmTryCompileExec3348581562.dir/CheckFunctionExists.c.o  -o cmTryCompileExec3348581562 -rdynamic -lGL 
make[1]: Leaving directory '/home/huutinh/Desktop/CS184/asst1_rasterizester/CMakeFiles/CMakeTmp'


Determining if the function glXGetProcAddressARB exists passed with the following output:
Change Dir: /home/huutinh/Desktop/CS184/asst1_rasterizester/CMakeFiles/CMakeTmp

Run Build Command:"/usr/bin/make" "cmTryCompileExec4188322059/fast"
/usr/bin/make -f CMakeFiles/cmTryCompileExec4188322059.dir/build.make CMakeFiles/cmTryCompileExec4188322059.dir/build
make[1]: Entering directory '/home/huutinh/Desktop/CS184/asst1_rasterizester/CMakeFiles/CMakeTmp'
/usr/bin/cmake -E cmake_progress_report /home/huutinh/Desktop/CS184/asst1_rasterizester/CMakeFiles/CMakeTmp/CMakeFiles 1
Building C object CMakeFiles/cmTryCompileExec4188322059.dir/CheckFunctionExists.c.o
/usr/bin/cc   -DCHECK_FUNCTION_EXISTS=glXGetProcAddressARB   -o CMakeFiles/cmTryCompileExec4188322059.dir/CheckFunctionExists.c.o   -c /usr/share/cmake-3.2/Modules/CheckFunctionExists.c
Linking C executable cmTryCompileExec4188322059
/usr/bin/cmake -E cmake_link_script CMakeFiles/cmTryCompileExec4188322059.dir/link.txt --verbose=1
/usr/bin/cc   -DCHECK_FUNCTION_EXISTS=glXGetProcAddressARB    CMakeFiles/cmTryCompileExec4188322059.dir/CheckFunctionExists.c.o  -o cmTryCompileExec4188322059 -rdynamic -lGL 
make[1]: Leaving directory '/home/huutinh/Desktop/CS184/asst1_rasterizester/CMakeFiles/CMakeTmp'


Determining if files pthread.h exist passed with the following output:
Change Dir: /home/huutinh/Desktop/CS184/asst1_rasterizester/CMakeFiles/CMakeTmp

Run Build Command:"/usr/bin/make" "cmTryCompileExec2762026396/fast"
make[1]: Entering directory '/home/huutinh/Desktop/CS184/asst1_rasterizester/CMakeFiles/CMakeTmp'
/usr/bin/make -f CMakeFiles/cmTryCompileExec2762026396.dir/build.make CMakeFiles/cmTryCompileExec2762026396.dir/build
make[2]: Entering directory '/home/huutinh/Desktop/CS184/asst1_rasterizester/CMakeFiles/CMakeTmp'
/usr/bin/cmake -E cmake_progress_report /home/huutinh/Desktop/CS184/asst1_rasterizester/CMakeFiles/CMakeTmp/CMakeFiles 1
Building C object CMakeFiles/cmTryCompileExec2762026396.dir/CheckIncludeFiles.c.o
/usr/bin/cc    -o CMakeFiles/cmTryCompileExec2762026396.dir/CheckIncludeFiles.c.o   -c /home/huutinh/Desktop/CS184/asst1_rasterizester/CMakeFiles/CMakeTmp/CheckIncludeFiles.c
Linking C executable cmTryCompileExec2762026396
/usr/bin/cmake -E cmake_link_script CMakeFiles/cmTryCompileExec2762026396.dir/link.txt --verbose=1
/usr/bin/cc       CMakeFiles/cmTryCompileExec2762026396.dir/CheckIncludeFiles.c.o  -o cmTryCompileExec2762026396 -rdynamic 
make[2]: Leaving directory '/home/huutinh/Desktop/CS184/asst1_rasterizester/CMakeFiles/CMakeTmp'
make[1]: Leaving directory '/home/huutinh/Desktop/CS184/asst1_rasterizester/CMakeFiles/CMakeTmp'


Determining if the function pthread_create exists in the pthread passed with the following output:
Change Dir: /home/huutinh/Desktop/CS184/asst1_rasterizester/CMakeFiles/CMakeTmp

Run Build Command:"/usr/bin/make" "cmTryCompileExec1309757908/fast"
make[1]: Entering directory '/home/huutinh/Desktop/CS184/asst1_rasterizester/CMakeFiles/CMakeTmp'
/usr/bin/make -f CMakeFiles/cmTryCompileExec1309757908.dir/build.make CMakeFiles/cmTryCompileExec1309757908.dir/build
make[2]: Entering directory '/home/huutinh/Desktop/CS184/asst1_rasterizester/CMakeFiles/CMakeTmp'
/usr/bin/cmake -E cmake_progress_report /home/huutinh/Desktop/CS184/asst1_rasterizester/CMakeFiles/CMakeTmp/CMakeFiles 1
Building C object CMakeFiles/cmTryCompileExec1309757908.dir/CheckFunctionExists.c.o
/usr/bin/cc   -DCHECK_FUNCTION_EXISTS=pthread_create   -o CMakeFiles/cmTryCompileExec1309757908.dir/CheckFunctionExists.c.o   -c /usr/share/cmake-3.2/Modules/CheckFunctionExists.c
Linking C executable cmTryCompileExec1309757908
/usr/bin/cmake -E cmake_link_script CMakeFiles/cmTryCompileExec1309757908.dir/link.txt --verbose=1
/usr/bin/cc   -DCHECK_FUNCTION_EXISTS=pthread_create    CMakeFiles/cmTryCompileExec1309757908.dir/CheckFunctionExists.c.o  -o cmTryCompileExec1309757908 -rdynamic -lpthread 
make[2]: Leaving directory '/home/huutinh/Desktop/CS184/asst1_rasterizester/CMakeFiles/CMakeTmp'
make[1]: Leaving directory '/home/huutinh/Desktop/CS184/asst1_rasterizester/CMakeFiles/CMakeTmp'


Determining if the function XOpenDisplay exists in the /usr/lib/x86_64-linux-gnu/libX11.so;/usr/lib/x86_64-linux-gnu/libXext.so passed with the following output:
Change Dir: /home/huutinh/Desktop/CS184/asst1_rasterizester/CMakeFiles/CMakeTmp

Run Build Command:"/usr/bin/make" "cmTryCompileExec2736555983/fast"
make[1]: Entering directory '/home/huutinh/Desktop/CS184/asst1_rasterizester/CMakeFiles/CMakeTmp'
/usr/bin/make -f CMakeFiles/cmTryCompileExec2736555983.dir/build.make CMakeFiles/cmTryCompileExec2736555983.dir/build
make[2]: Entering directory '/home/huutinh/Desktop/CS184/asst1_rasterizester/CMakeFiles/CMakeTmp'
/usr/bin/cmake -E cmake_progress_report /home/huutinh/Desktop/CS184/asst1_rasterizester/CMakeFiles/CMakeTmp/CMakeFiles 1
Building C object CMakeFiles/cmTryCompileExec2736555983.dir/CheckFunctionExists.c.o
/usr/bin/cc   -DCHECK_FUNCTION_EXISTS=XOpenDisplay   -o CMakeFiles/cmTryCompileExec2736555983.dir/CheckFunctionExists.c.o   -c /usr/share/cmake-3.2/Modules/CheckFunctionExists.c
Linking C executable cmTryCompileExec2736555983
/usr/bin/cmake -E cmake_link_script CMakeFiles/cmTryCompileExec2736555983.dir/link.txt --verbose=1
/usr/bin/cc   -DCHECK_FUNCTION_EXISTS=XOpenDisplay    CMakeFiles/cmTryCompileExec2736555983.dir/CheckFunctionExists.c.o  -o cmTryCompileExec2736555983 -rdynamic -lX11 -lXext 
make[2]: Leaving directory '/home/huutinh/Desktop/CS184/asst1_rasterizester/CMakeFiles/CMakeTmp'
make[1]: Leaving directory '/home/huutinh/Desktop/CS184/asst1_rasterizester/CMakeFiles/CMakeTmp'


Determining if the function gethostbyname exists passed with the following output:
Change Dir: /home/huutinh/Desktop/CS184/asst1_rasterizester/CMakeFiles/CMakeTmp

Run Build Command:"/usr/bin/make" "cmTryCompileExec612186121/fast"
make[1]: Entering directory '/home/huutinh/Desktop/CS184/asst1_rasterizester/CMakeFiles/CMakeTmp'
/usr/bin/make -f CMakeFiles/cmTryCompileExec612186121.dir/build.make CMakeFiles/cmTryCompileExec612186121.dir/build
make[2]: Entering directory '/home/huutinh/Desktop/CS184/asst1_rasterizester/CMakeFiles/CMakeTmp'
/usr/bin/cmake -E cmake_progress_report /home/huutinh/Desktop/CS184/asst1_rasterizester/CMakeFiles/CMakeTmp/CMakeFiles 1
Building C object CMakeFiles/cmTryCompileExec612186121.dir/CheckFunctionExists.c.o
/usr/bin/cc   -DCHECK_FUNCTION_EXISTS=gethostbyname   -o CMakeFiles/cmTryCompileExec612186121.dir/CheckFunctionExists.c.o   -c /usr/share/cmake-3.2/Modules/CheckFunctionExists.c
Linking C executable cmTryCompileExec612186121
/usr/bin/cmake -E cmake_link_script CMakeFiles/cmTryCompileExec612186121.dir/link.txt --verbose=1
/usr/bin/cc   -DCHECK_FUNCTION_EXISTS=gethostbyname    CMakeFiles/cmTryCompileExec612186121.dir/CheckFunctionExists.c.o  -o cmTryCompileExec612186121 -rdynamic 
make[2]: Leaving directory '/home/huutinh/Desktop/CS184/asst1_rasterizester/CMakeFiles/CMakeTmp'
make[1]: Leaving directory '/home/huutinh/Desktop/CS184/asst1_rasterizester/CMakeFiles/CMakeTmp'


Determining if the function connect exists passed with the following output:
Change Dir: /home/huutinh/Desktop/CS184/asst1_rasterizester/CMakeFiles/CMakeTmp

Run Build Command:"/usr/bin/make" "cmTryCompileExec849154479/fast"
make[1]: Entering directory '/home/huutinh/Desktop/CS184/asst1_rasterizester/CMakeFiles/CMakeTmp'
/usr/bin/make -f CMakeFiles/cmTryCompileExec849154479.dir/build.make CMakeFiles/cmTryCompileExec849154479.dir/build
make[2]: Entering directory '/home/huutinh/Desktop/CS184/asst1_rasterizester/CMakeFiles/CMakeTmp'
/usr/bin/cmake -E cmake_progress_report /home/huutinh/Desktop/CS184/asst1_rasterizester/CMakeFiles/CMakeTmp/CMakeFiles 1
Building C object CMakeFiles/cmTryCompileExec849154479.dir/CheckFunctionExists.c.o
/usr/bin/cc   -DCHECK_FUNCTION_EXISTS=connect   -o CMakeFiles/cmTryCompileExec849154479.dir/CheckFunctionExists.c.o   -c /usr/share/cmake-3.2/Modules/CheckFunctionExists.c
Linking C executable cmTryCompileExec849154479
/usr/bin/cmake -E cmake_link_script CMakeFiles/cmTryCompileExec849154479.dir/link.txt --verbose=1
/usr/bin/cc   -DCHECK_FUNCTION_EXISTS=connect    CMakeFiles/cmTryCompileExec849154479.dir/CheckFunctionExists.c.o  -o cmTryCompileExec849154479 -rdynamic 
make[2]: Leaving directory '/home/huutinh/Desktop/CS184/asst1_rasterizester/CMakeFiles/CMakeTmp'
make[1]: Leaving directory '/home/huutinh/Desktop/CS184/asst1_rasterizester/CMakeFiles/CMakeTmp'


Determining if the function remove exists passed with the following output:
Change Dir: /home/huutinh/Desktop/CS184/asst1_rasterizester/CMakeFiles/CMakeTmp

Run Build Command:"/usr/bin/make" "cmTryCompileExec3157069760/fast"
make[1]: Entering directory '/home/huutinh/Desktop/CS184/asst1_rasterizester/CMakeFiles/CMakeTmp'
/usr/bin/make -f CMakeFiles/cmTryCompileExec3157069760.dir/build.make CMakeFiles/cmTryCompileExec3157069760.dir/build
make[2]: Entering directory '/home/huutinh/Desktop/CS184/asst1_rasterizester/CMakeFiles/CMakeTmp'
/usr/bin/cmake -E cmake_progress_report /home/huutinh/Desktop/CS184/asst1_rasterizester/CMakeFiles/CMakeTmp/CMakeFiles 1
Building C object CMakeFiles/cmTryCompileExec3157069760.dir/CheckFunctionExists.c.o
/usr/bin/cc   -DCHECK_FUNCTION_EXISTS=remove   -o CMakeFiles/cmTryCompileExec3157069760.dir/CheckFunctionExists.c.o   -c /usr/share/cmake-3.2/Modules/CheckFunctionExists.c
Linking C executable cmTryCompileExec3157069760
/usr/bin/cmake -E cmake_link_script CMakeFiles/cmTryCompileExec3157069760.dir/link.txt --verbose=1
/usr/bin/cc   -DCHECK_FUNCTION_EXISTS=remove    CMakeFiles/cmTryCompileExec3157069760.dir/CheckFunctionExists.c.o  -o cmTryCompileExec3157069760 -rdynamic 
make[2]: Leaving directory '/home/huutinh/Desktop/CS184/asst1_rasterizester/CMakeFiles/CMakeTmp'
make[1]: Leaving directory '/home/huutinh/Desktop/CS184/asst1_rasterizester/CMakeFiles/CMakeTmp'


Determining if the function shmat exists passed with the following output:
Change Dir: /home/huutinh/Desktop/CS184/asst1_rasterizester/CMakeFiles/CMakeTmp

Run Build Command:"/usr/bin/make" "cmTryCompileExec2699748438/fast"
make[1]: Entering directory '/home/huutinh/Desktop/CS184/asst1_rasterizester/CMakeFiles/CMakeTmp'
/usr/bin/make -f CMakeFiles/cmTryCompileExec2699748438.dir/build.make CMakeFiles/cmTryCompileExec2699748438.dir/build
make[2]: Entering directory '/home/huutinh/Desktop/CS184/asst1_rasterizester/CMakeFiles/CMakeTmp'
/usr/bin/cmake -E cmake_progress_report /home/huutinh/Desktop/CS184/asst1_rasterizester/CMakeFiles/CMakeTmp/CMakeFiles 1
Building C object CMakeFiles/cmTryCompileExec2699748438.dir/CheckFunctionExists.c.o
/usr/bin/cc   -DCHECK_FUNCTION_EXISTS=shmat   -o CMakeFiles/cmTryCompileExec2699748438.dir/CheckFunctionExists.c.o   -c /usr/share/cmake-3.2/Modules/CheckFunctionExists.c
Linking C executable cmTryCompileExec2699748438
/usr/bin/cmake -E cmake_link_script CMakeFiles/cmTryCompileExec2699748438.dir/link.txt --verbose=1
/usr/bin/cc   -DCHECK_FUNCTION_EXISTS=shmat    CMakeFiles/cmTryCompileExec2699748438.dir/CheckFunctionExists.c.o  -o cmTryCompileExec2699748438 -rdynamic 
make[2]: Leaving directory '/home/huutinh/Desktop/CS184/asst1_rasterizester/CMakeFiles/CMakeTmp'
make[1]: Leaving directory '/home/huutinh/Desktop/CS184/asst1_rasterizester/CMakeFiles/CMakeTmp'


Determining if the function IceConnectionNumber exists in the ICE passed with the following output:
Change Dir: /home/huutinh/Desktop/CS184/asst1_rasterizester/CMakeFiles/CMakeTmp

Run Build Command:"/usr/bin/make" "cmTryCompileExec2060633322/fast"
make[1]: Entering directory '/home/huutinh/Desktop/CS184/asst1_rasterizester/CMakeFiles/CMakeTmp'
/usr/bin/make -f CMakeFiles/cmTryCompileExec2060633322.dir/build.make CMakeFiles/cmTryCompileExec2060633322.dir/build
make[2]: Entering directory '/home/huutinh/Desktop/CS184/asst1_rasterizester/CMakeFiles/CMakeTmp'
/usr/bin/cmake -E cmake_progress_report /home/huutinh/Desktop/CS184/asst1_rasterizester/CMakeFiles/CMakeTmp/CMakeFiles 1
Building C object CMakeFiles/cmTryCompileExec2060633322.dir/CheckFunctionExists.c.o
/usr/bin/cc   -DCHECK_FUNCTION_EXISTS=IceConnectionNumber   -o CMakeFiles/cmTryCompileExec2060633322.dir/CheckFunctionExists.c.o   -c /usr/share/cmake-3.2/Modules/CheckFunctionExists.c
Linking C executable cmTryCompileExec2060633322
/usr/bin/cmake -E cmake_link_script CMakeFiles/cmTryCompileExec2060633322.dir/link.txt --verbose=1
/usr/bin/cc   -DCHECK_FUNCTION_EXISTS=IceConnectionNumber    CMakeFiles/cmTryCompileExec2060633322.dir/CheckFunctionExists.c.o  -o cmTryCompileExec2060633322 -rdynamic -lICE 
make[2]: Leaving directory '/home/huutinh/Desktop/CS184/asst1_rasterizester/CMakeFiles/CMakeTmp'
make[1]: Leaving directory '/home/huutinh/Desktop/CS184/asst1_rasterizester/CMakeFiles/CMakeTmp'


Determining if the function glXGetProcAddress exists passed with the following output:
Change Dir: /home/huutinh/Desktop/CS184/asst1_rasterizester/CMakeFiles/CMakeTmp

Run Build Command:"/usr/bin/make" "cmTryCompileExec2027401429/fast"
make[1]: Entering directory '/home/huutinh/Desktop/CS184/asst1_rasterizester/CMakeFiles/CMakeTmp'
/usr/bin/make -f CMakeFiles/cmTryCompileExec2027401429.dir/build.make CMakeFiles/cmTryCompileExec2027401429.dir/build
make[2]: Entering directory '/home/huutinh/Desktop/CS184/asst1_rasterizester/CMakeFiles/CMakeTmp'
/usr/bin/cmake -E cmake_progress_report /home/huutinh/Desktop/CS184/asst1_rasterizester/CMakeFiles/CMakeTmp/CMakeFiles 1
Building C object CMakeFiles/cmTryCompileExec2027401429.dir/CheckFunctionExists.c.o
/usr/bin/cc   -DCHECK_FUNCTION_EXISTS=glXGetProcAddress   -o CMakeFiles/cmTryCompileExec2027401429.dir/CheckFunctionExists.c.o   -c /usr/share/cmake-3.2/Modules/CheckFunctionExists.c
Linking C executable cmTryCompileExec2027401429
/usr/bin/cmake -E cmake_link_script CMakeFiles/cmTryCompileExec2027401429.dir/link.txt --verbose=1
/usr/bin/cc   -DCHECK_FUNCTION_EXISTS=glXGetProcAddress    CMakeFiles/cmTryCompileExec2027401429.dir/CheckFunctionExists.c.o  -o cmTryCompileExec2027401429 -rdynamic -lGL 
make[2]: Leaving directory '/home/huutinh/Desktop/CS184/asst1_rasterizester/CMakeFiles/CMakeTmp'
make[1]: Leaving directory '/home/huutinh/Desktop/CS184/asst1_rasterizester/CMakeFiles/CMakeTmp'


Determining if the function glXGetProcAddressARB exists passed with the following output:
Change Dir: /home/huutinh/Desktop/CS184/asst1_rasterizester/CMakeFiles/CMakeTmp

Run Build Command:"/usr/bin/make" "cmTryCompileExec3367584710/fast"
make[1]: Entering directory '/home/huutinh/Desktop/CS184/asst1_rasterizester/CMakeFiles/CMakeTmp'
/usr/bin/make -f CMakeFiles/cmTryCompileExec3367584710.dir/build.make CMakeFiles/cmTryCompileExec3367584710.dir/build
make[2]: Entering directory '/home/huutinh/Desktop/CS184/asst1_rasterizester/CMakeFiles/CMakeTmp'
/usr/bin/cmake -E cmake_progress_report /home/huutinh/Desktop/CS184/asst1_rasterizester/CMakeFiles/CMakeTmp/CMakeFiles 1
Building C object CMakeFiles/cmTryCompileExec3367584710.dir/CheckFunctionExists.c.o
/usr/bin/cc   -DCHECK_FUNCTION_EXISTS=glXGetProcAddressARB   -o CMakeFiles/cmTryCompileExec3367584710.dir/CheckFunctionExists.c.o   -c /usr/share/cmake-3.2/Modules/CheckFunctionExists.c
Linking C executable cmTryCompileExec3367584710
/usr/bin/cmake -E cmake_link_script CMakeFiles/cmTryCompileExec3367584710.dir/link.txt --verbose=1
/usr/bin/cc   -DCHECK_FUNCTION_EXISTS=glXGetProcAddressARB    CMakeFiles/cmTryCompileExec3367584710.dir/CheckFunctionExists.c.o  -o cmTryCompileExec3367584710 -rdynamic -lGL 
make[2]: Leaving directory '/home/huutinh/Desktop/CS184/asst1_rasterizester/CMakeFiles/CMakeTmp'
make[1]: Leaving directory '/home/huutinh/Desktop/CS184/asst1_rasterizester/CMakeFiles/CMakeTmp'


